<?xml version="1.0" encoding="UTF-8"?>
<testng-results ignored="0" total="1" passed="1" failed="0" skipped="0">
  <reporter-output>
  </reporter-output>
  <suite started-at="2024-07-26T16:24:17 IST" name="Default suite" finished-at="2024-07-26T16:24:43 IST" duration-ms="26830">
    <groups>
    </groups>
    <test started-at="2024-07-26T16:24:17 IST" name="Default test" finished-at="2024-07-26T16:24:43 IST" duration-ms="26830">
      <class name="Test_Cases.TC_002_Multiple_Products">
        <test-method is-config="true" signature="setup()[pri:0, instance:Test_Cases.TC_002_Multiple_Products@6025e1b6]" started-at="2024-07-26T16:24:17 IST" name="setup" finished-at="2024-07-26T16:24:24 IST" duration-ms="7562" status="PASS">
          <reporter-output>
          </reporter-output>
        </test-method> <!-- setup -->
        <test-method signature="multiple_product()[pri:0, instance:Test_Cases.TC_002_Multiple_Products@6025e1b6]" started-at="2024-07-26T16:24:24 IST" name="multiple_product" finished-at="2024-07-26T16:24:43 IST" duration-ms="19071" status="PASS">
          <reporter-output>
          </reporter-output>
        </test-method> <!-- multiple_product -->
        <test-method is-config="true" signature="Teardown()[pri:0, instance:Test_Cases.TC_002_Multiple_Products@6025e1b6]" started-at="2024-07-26T16:24:43 IST" name="Teardown" finished-at="2024-07-26T16:24:43 IST" duration-ms="164" status="PASS">
          <reporter-output>
          </reporter-output>
        </test-method> <!-- Teardown -->
      </class> <!-- Test_Cases.TC_002_Multiple_Products -->
    </test> <!-- Default test -->
  </suite> <!-- Default suite -->
</testng-results>
